0 info it worked if it ends with ok
1 verbose cli [ '/usr/local/bin/node', '/usr/local/bin/npm', 'run', 'autolint' ]
2 info using npm@3.10.10
3 info using node@v6.10.2
4 verbose run-script [ 'preautolint', 'autolint', 'postautolint' ]
5 info lifecycle lb-accordion@1.0.1~preautolint: lb-accordion@1.0.1
6 silly lifecycle lb-accordion@1.0.1~preautolint: no script for preautolint, continuing
7 info lifecycle lb-accordion@1.0.1~autolint: lb-accordion@1.0.1
8 verbose lifecycle lb-accordion@1.0.1~autolint: unsafe-perm in lifecycle true
9 verbose lifecycle lb-accordion@1.0.1~autolint: PATH: /usr/local/lib/node_modules/npm/bin/node-gyp-bin:/Users/jonlin2/Documents/jonasdev/lb-accordion/node_modules/.bin:/Library/Frameworks/Python.framework/Versions/3.6/bin:/usr/local/mysql/bin:/usr/local/bin:/usr/bin:/bin:/usr/sbin:/sbin:/Users/jonlin2/api/apache-ant-1.8.2/bin
10 verbose lifecycle lb-accordion@1.0.1~autolint: CWD: /Users/jonlin2/Documents/jonasdev/lb-accordion
11 silly lifecycle lb-accordion@1.0.1~autolint: Args: [ '-c', 'standard --fix' ]
12 silly lifecycle lb-accordion@1.0.1~autolint: Returned: code: 1  signal: null
13 info lifecycle lb-accordion@1.0.1~autolint: Failed to exec autolint script
14 verbose stack Error: lb-accordion@1.0.1 autolint: `standard --fix`
14 verbose stack Exit status 1
14 verbose stack     at EventEmitter.<anonymous> (/usr/local/lib/node_modules/npm/lib/utils/lifecycle.js:255:16)
14 verbose stack     at emitTwo (events.js:106:13)
14 verbose stack     at EventEmitter.emit (events.js:191:7)
14 verbose stack     at ChildProcess.<anonymous> (/usr/local/lib/node_modules/npm/lib/utils/spawn.js:40:14)
14 verbose stack     at emitTwo (events.js:106:13)
14 verbose stack     at ChildProcess.emit (events.js:191:7)
14 verbose stack     at maybeClose (internal/child_process.js:886:16)
14 verbose stack     at Process.ChildProcess._handle.onexit (internal/child_process.js:226:5)
15 verbose pkgid lb-accordion@1.0.1
16 verbose cwd /Users/jonlin2/Documents/jonasdev/lb-accordion
17 error Darwin 16.7.0
18 error argv "/usr/local/bin/node" "/usr/local/bin/npm" "run" "autolint"
19 error node v6.10.2
20 error npm  v3.10.10
21 error code ELIFECYCLE
22 error lb-accordion@1.0.1 autolint: `standard --fix`
22 error Exit status 1
23 error Failed at the lb-accordion@1.0.1 autolint script 'standard --fix'.
23 error Make sure you have the latest version of node.js and npm installed.
23 error If you do, this is most likely a problem with the lb-accordion package,
23 error not with npm itself.
23 error Tell the author that this fails on your system:
23 error     standard --fix
23 error You can get information on how to open an issue for this project with:
23 error     npm bugs lb-accordion
23 error Or if that isn't available, you can get their info via:
23 error     npm owner ls lb-accordion
23 error There is likely additional logging output above.
24 verbose exit [ 1, true ]
